<?xml version="1.0" encoding="UTF-8"?>
<!-- Generated by org.testng.reporters.JUnitReportReporter -->
<testsuite hostname="ivos-MacBook-Pro.local" failures="0" tests="1" name="Tasks" time="16.577" errors="0" timestamp="2023-02-06T16:16:52 EET" skipped="0">
  <testcase classname="Tasks" name="SignUp" time="16.577"/>
  <system-out>
    <![CDATA[Succesfully signed up new User]]>
  </system-out>
</testsuite> <!-- Tasks -->
